{
  "0 debug pnpm:scope": {
    "selected": 1
  },
  "1 info pnpm": {
    "err": {
      "name": "Error",
      "message": "not found: instal",
      "code": "ENOENT",
      "stack": "Error: not found: instal\n    at getNotFoundError (/usr/local/pnpm-global/4/node_modules/.pnpm/pnpm@6.15.1/node_modules/pnpm/dist/pnpm.cjs:47672:51)\n    at Function.whichSync [as sync] (/usr/local/pnpm-global/4/node_modules/.pnpm/pnpm@6.15.1/node_modules/pnpm/dist/pnpm.cjs:47749:13)\n    at getCommandAbsolutePathSync (/usr/local/pnpm-global/4/node_modules/.pnpm/pnpm@6.15.1/node_modules/pnpm/dist/pnpm.cjs:49485:44)\n    at Object.default_1 [as default] (/usr/local/pnpm-global/4/node_modules/.pnpm/pnpm@6.15.1/node_modules/pnpm/dist/pnpm.cjs:49494:32)\n    at /usr/local/pnpm-global/4/node_modules/.pnpm/pnpm@6.15.1/node_modules/pnpm/dist/pnpm.cjs:129705:34"
    }
  },
  "2 error pnpm": {
    "code": "ERR_PNPM_RECURSIVE_EXEC_FIRST_FAIL",
    "prefix": "/home/workspace/reactjs/coding-practices/coinTossGame",
    "err": {
      "name": "pnpm",
      "message": "not found: instal",
      "code": "ERR_PNPM_RECURSIVE_EXEC_FIRST_FAIL",
      "stack": "Error: not found: instal\n    at getNotFoundError (/usr/local/pnpm-global/4/node_modules/.pnpm/pnpm@6.15.1/node_modules/pnpm/dist/pnpm.cjs:47672:51)\n    at Function.whichSync [as sync] (/usr/local/pnpm-global/4/node_modules/.pnpm/pnpm@6.15.1/node_modules/pnpm/dist/pnpm.cjs:47749:13)\n    at getCommandAbsolutePathSync (/usr/local/pnpm-global/4/node_modules/.pnpm/pnpm@6.15.1/node_modules/pnpm/dist/pnpm.cjs:49485:44)\n    at Object.default_1 [as default] (/usr/local/pnpm-global/4/node_modules/.pnpm/pnpm@6.15.1/node_modules/pnpm/dist/pnpm.cjs:49494:32)\n    at /usr/local/pnpm-global/4/node_modules/.pnpm/pnpm@6.15.1/node_modules/pnpm/dist/pnpm.cjs:129705:34"
    }
  }
}